<?xml version="1.0" encoding="UTF-8"?>
<!-- Generated by org.testng.reporters.JUnitReportReporter -->
<testsuite hostname="DESKTOP-2HAP43N" failures="0" tests="1" name="PG10TestCases.TC_WhiteListCustomerPage" time="17.814" errors="0" timestamp="2025-07-30T14:24:47 IST" skipped="0">
  <testcase classname="PG10TestCases.TC_WhiteListCustomerPage" name="testWhiteListCustomer" time="17.814"/>
</testsuite> <!-- PG10TestCases.TC_WhiteListCustomerPage -->
