<?xml version="1.0" encoding="UTF-8"?>
<!-- Generated by org.testng.reporters.JUnitReportReporter -->
<testsuite hostname="DESKTOP-2HAP43N" failures="0" tests="1" name="PG10TestCases.TC_FTDWhiteListUserPage" time="57.899" errors="0" timestamp="2025-07-30T17:11:30 IST" skipped="0">
  <testcase classname="PG10TestCases.TC_FTDWhiteListUserPage" name="testWhiteFTDListCustomer" time="57.899"/>
</testsuite> <!-- PG10TestCases.TC_FTDWhiteListUserPage -->
