<?xml version="1.0" encoding="UTF-8"?>
<!-- Generated by org.testng.reporters.JUnitReportReporter -->
<testsuite hostname="DESKTOP-2HAP43N" failures="0" tests="1" name="PG10TestCases.TC_ListControlDepositBonding" time="16.575" errors="0" timestamp="2025-09-14T22:10:21 IST" skipped="0">
  <testcase classname="PG10TestCases.TC_ListControlDepositBonding" name="ListControlDepositBonding" time="16.575"/>
</testsuite> <!-- PG10TestCases.TC_ListControlDepositBonding -->
