<?xml version="1.0" encoding="UTF-8"?>
<!-- Generated by org.testng.reporters.JUnitReportReporter -->
<testsuite hostname="DESKTOP-2HAP43N" failures="0" tests="1" name="PG10TestCases.TC_Logout" time="4.915" errors="0" timestamp="2025-10-16T12:56:05 IST" skipped="0">
  <testcase classname="PG10TestCases.TC_Logout" name="logout" time="4.915"/>
</testsuite> <!-- PG10TestCases.TC_Logout -->
