<?xml version="1.0" encoding="UTF-8"?>
<!-- Generated by org.testng.reporters.JUnitReportReporter -->
<testsuite hostname="DESKTOP-2HAP43N" failures="0" tests="1" name="PG10TestCases.TC_TransactionsPage" time="41.592" errors="0" timestamp="2025-06-30T15:39:29 IST" skipped="0">
  <testcase classname="PG10TestCases.TC_TransactionsPage" name="verifyDashboardButtons" time="41.592"/>
</testsuite> <!-- PG10TestCases.TC_TransactionsPage -->
