<?xml version="1.0" encoding="UTF-8"?>
<!-- Generated by org.testng.reporters.JUnitReportReporter -->
<testsuite hostname="DESKTOP-2HAP43N" failures="0" tests="1" name="PG10TestCases.TC_SettingsAssignProces" time="17.047" errors="0" timestamp="2025-09-09T22:37:47 IST" skipped="0">
  <testcase classname="PG10TestCases.TC_SettingsAssignProces" name="SettingsAssignProces" time="17.047"/>
</testsuite> <!-- PG10TestCases.TC_SettingsAssignProces -->
